<?xml version="1.0" encoding="UTF-8"?>
<!-- Generated by org.testng.reporters.JUnitReportReporter -->
<testsuite skipped="0" hostname="Vivekreddy" name="testcases.testNG.Asserts.GetTitle" tests="2" failures="0" timestamp="19 Apr 2018 21:08:22 GMT" time="90.127" errors="0">
  <testcase name="getPageTitle" time="25.598" classname="testcases.testNG.Asserts.GetTitle"/>
  <testcase name="getPageSource" time="64.529" classname="testcases.testNG.Asserts.GetTitle"/>
</testsuite> <!-- testcases.testNG.Asserts.GetTitle -->
