<?xml version="1.0" encoding="UTF-8"?>
<!-- Generated by org.testng.reporters.JUnitReportReporter -->
<testsuite skipped="0" hostname="Vivekreddy" name="testcases.testNG.dependencies.TestNGDependencyTest" tests="4" failures="0" timestamp="05 Nov 2017 20:38:21 GMT" time="14.983" errors="0">
  <testcase name="closeBrowser" time="0.653" classname="testcases.testNG.dependencies.TestNGDependencyTest"/>
  <testcase name="homepageTest" time="0.014" classname="testcases.testNG.dependencies.TestNGDependencyTest"/>
  <testcase name="loginpageTest" time="14.312" classname="testcases.testNG.dependencies.TestNGDependencyTest"/>
  <testcase name="logoutpageTest" time="0.004" classname="testcases.testNG.dependencies.TestNGDependencyTest"/>
</testsuite> <!-- testcases.testNG.dependencies.TestNGDependencyTest -->
